<?xml version="1.0" encoding="UTF-8"?>
<testsuite xmlns:xsi="http://www.w3.org/2001/XMLSchema-instance" xsi:noNamespaceSchemaLocation="https://maven.apache.org/surefire/maven-surefire-plugin/xsd/surefire-test-report-3.0.xsd" version="3.0" name="Catalog Resources" time="2.772" tests="1" errors="0" skipped="0" failures="0">
  <properties>
[...]
</properties>
  <testcase name="Validate Catalog Resources API Response Code" classname="Catalog Resources" time="2.568">
    <system-out><![CDATA[
Scenario: Validate Catalog Resources API Response Code         &amp#27;[90m# src/test/java/features/catalogResources.feature:3&amp#27;[0m
  &amp#27;[32mGiven &amp#27;[0m&amp#27;[32mconstruct a search with parameter below keyValue pairs&amp#27;[0m &amp#27;[90m# stepDefinitions.catalogResourceStepDefinition.construct_a_search_with_parameter_below_key_value_pairs(io.cucumber.datatable.DataTable)&amp#27;[0m
    | Key   | Value        |
    | term  | jack+johnson |
    | limit | 25           |
/search
  &amp#27;[32mWhen &amp#27;[0m&amp#27;[32muser calls &amp#27;[0m&amp#27;[32m&amp#27;[1m"SEARCH"&amp#27;[0m&amp#27;[32m resource with &amp#27;[0m&amp#27;[32m&amp#27;[1m"GET"&amp#27;[0m&amp#27;[32m http request&amp#27;[0m    &amp#27;[90m# stepDefinitions.catalogResourceStepDefinition.user_calls_resource_with_http_request(java.lang.String,java.lang.String)&amp#27;[0m
  &amp#27;[32mThen &amp#27;[0m&amp#27;[32mthe API call is success with status code &amp#27;[0m&amp#27;[32m&amp#27;[1m200&amp#27;[0m            &amp#27;[90m# stepDefinitions.catalogResourceStepDefinition.the_api_call_is_success_with_status_code(java.lang.Integer)&amp#27;[0m
  &amp#27;[32mAnd &amp#27;[0m&amp#27;[32m&amp#27;[0m&amp#27;[32m&amp#27;[1m"resultCount"&amp#27;[0m&amp#27;[32m in the response body is &amp#27;[0m&amp#27;[32m&amp#27;[1m25&amp#27;[0m                 &amp#27;[90m# stepDefinitions.catalogResourceStepDefinition.in_the_response_body_is(java.lang.String,java.lang.Integer)&amp#27;[0m
]]></system-out>
  </testcase>
</testsuite>